2024-03-18 21:11:55.899 [info] Added views:workbench.panel.markers.view in workbench.panel.markers
2024-03-18 21:11:55.899 [info] Added views:workbench.panel.output in workbench.panel.output
2024-03-18 21:11:55.899 [info] Added views:terminal in terminal
2024-03-18 21:11:55.899 [info] Added views:outline in workbench.view.explorer
2024-03-18 21:11:55.899 [info] Added views:workbench.scm in workbench.view.scm
2024-03-18 21:11:55.899 [info] Added views:workbench.view.search in workbench.view.search
2024-03-18 21:11:55.899 [info] Added views:timeline in workbench.view.explorer
2024-03-18 21:11:55.899 [info] Added views:workbench.explorer.emptyView in workbench.view.explorer
2024-03-18 21:11:56.167 [info] Added views:workbench.debug.welcome in workbench.view.debug
2024-03-18 21:11:56.223 [info] Added views:workbench.panel.repl.view in workbench.panel.repl
2024-03-18 21:11:56.254 [info] Added views:~remote.forwardedPorts in ~remote.forwardedPortsContainer
2024-03-18 21:12:06.441 [info] Added views:workbench.panel.markers.view in workbench.panel.markers
2024-03-18 21:12:06.441 [info] Added views:workbench.panel.output in workbench.panel.output
2024-03-18 21:12:06.441 [info] Added views:terminal in terminal
2024-03-18 21:12:06.441 [info] Added views:outline in workbench.view.explorer
2024-03-18 21:12:06.441 [info] Added views:workbench.scm in workbench.view.scm
2024-03-18 21:12:06.441 [info] Added views:workbench.view.search in workbench.view.search
2024-03-18 21:12:06.441 [info] Added views:timeline in workbench.view.explorer
2024-03-18 21:12:06.441 [info] Added views:workbench.explorer.fileView in workbench.view.explorer
2024-03-18 21:12:06.683 [info] Added views:workbench.debug.variablesView,workbench.debug.watchExpressionsView,workbench.debug.callStackView,workbench.debug.breakPointsView in workbench.view.debug
2024-03-18 21:12:06.814 [info] Added views:workbench.panel.repl.view in workbench.panel.repl
2024-03-18 21:12:06.815 [info] Removed views:workbench.debug.breakPointsView,workbench.debug.callStackView,workbench.debug.watchExpressionsView,workbench.debug.variablesView from workbench.view.debug
2024-03-18 21:12:06.815 [info] Added views:workbench.debug.welcome in workbench.view.debug
2024-03-18 21:12:06.835 [info] Added views:~remote.forwardedPorts in ~remote.forwardedPortsContainer
2024-03-18 21:17:10.928 [info] Added views:workbench.views.extensions.installed,workbench.views.extensions.popular,extensions.recommendedList in workbench.view.extensions
2024-03-18 21:17:10.930 [info] Removed views:workbench.views.extensions.popular from workbench.view.extensions
2024-03-18 21:17:11.224 [info] Added views:workbench.views.extensions.popular in workbench.view.extensions
2024-03-18 21:17:11.490 [info] Removed views:extensions.recommendedList,workbench.views.extensions.popular,workbench.views.extensions.installed from workbench.view.extensions
2024-03-18 21:17:11.495 [info] Added views:workbench.views.extensions.marketplace in workbench.view.extensions
2024-03-18 21:17:13.722 [info] Added views:makefile.outline in workbench.view.extension.makefile__viewContainer
