2024-03-18 21:10:18.423 [info] Extension host with pid 8098 started
2024-03-18 21:10:18.469 [info] ExtensionService#_doActivateExtension vscode.git-base, startup: true, activationEvent: '*', root cause: vscode.git
2024-03-18 21:10:18.482 [info] ExtensionService#_doActivateExtension vscode.git, startup: true, activationEvent: '*'
2024-03-18 21:10:18.497 [info] ExtensionService#_doActivateExtension vscode.github, startup: true, activationEvent: '*'
2024-03-18 21:10:18.518 [info] Eager extensions activated
2024-03-18 21:10:18.519 [info] ExtensionService#_doActivateExtension vscode.debug-auto-launch, startup: false, activationEvent: 'onStartupFinished'
2024-03-18 21:10:18.520 [info] ExtensionService#_doActivateExtension vscode.merge-conflict, startup: false, activationEvent: 'onStartupFinished'
2024-03-18 21:10:19.913 [info] Extension host terminating: renderer closed the MessagePort
2024-03-18 21:10:19.923 [error] ProxyResolver#addCertificatesV1 Canceled: Canceled
	at new $ (/snap/code/155/usr/share/code/resources/app/out/vs/workbench/api/node/extensionHostProcess.js:140:45885)
	at s.U (/snap/code/155/usr/share/code/resources/app/out/vs/workbench/api/node/extensionHostProcess.js:147:5556)
	at z.<computed>.T.charCodeAt.z.<computed> (/snap/code/155/usr/share/code/resources/app/out/vs/workbench/api/node/extensionHostProcess.js:147:3007)
	at A.loadCertificates (/snap/code/155/usr/share/code/resources/app/out/vs/workbench/api/node/extensionHostProcess.js:153:41347)
	at Object.loadAdditionalCertificates (/snap/code/155/usr/share/code/resources/app/out/vs/workbench/api/node/extensionHostProcess.js:135:34303)
	at /snap/code/155/usr/share/code/resources/app/node_modules.asar/@vscode/proxy-agent/out/index.js:475:53
	at Generator.next (<anonymous>)
	at /snap/code/155/usr/share/code/resources/app/node_modules.asar/@vscode/proxy-agent/out/index.js:35:71
	at new Promise (<anonymous>)
	at __awaiter (/snap/code/155/usr/share/code/resources/app/node_modules.asar/@vscode/proxy-agent/out/index.js:31:12)
	at /snap/code/155/usr/share/code/resources/app/node_modules.asar/@vscode/proxy-agent/out/index.js:474:43
	at /snap/code/155/usr/share/code/resources/app/node_modules.asar/@vscode/proxy-agent/out/index.js:476:16
	at Generator.next (<anonymous>)
	at /snap/code/155/usr/share/code/resources/app/node_modules.asar/@vscode/proxy-agent/out/index.js:35:71
	at new Promise (<anonymous>)
	at __awaiter (/snap/code/155/usr/share/code/resources/app/node_modules.asar/@vscode/proxy-agent/out/index.js:31:12)
	at getOrLoadAdditionalCertificates (/snap/code/155/usr/share/code/resources/app/node_modules.asar/@vscode/proxy-agent/out/index.js:472:12)
	at addCertificatesV1 (/snap/code/155/usr/share/code/resources/app/node_modules.asar/@vscode/proxy-agent/out/index.js:456:9)
	at resolveProxy (/snap/code/155/usr/share/code/resources/app/node_modules.asar/@vscode/proxy-agent/out/index.js:112:9)
	at /snap/code/155/usr/share/code/resources/app/node_modules.asar/@vscode/proxy-agent/out/index.js:303:77
	at new Promise (<anonymous>)
	at _PacProxyAgent.resolveP [as resolver] (/snap/code/155/usr/share/code/resources/app/node_modules.asar/@vscode/proxy-agent/out/index.js:303:54)
	at _PacProxyAgent.<anonymous> (/snap/code/155/usr/share/code/resources/app/node_modules.asar/@vscode/proxy-agent/out/agent.js:70:37)
	at Generator.next (<anonymous>)
	at /snap/code/155/usr/share/code/resources/app/node_modules.asar/@vscode/proxy-agent/out/agent.js:8:71
	at new Promise (<anonymous>)
	at __awaiter (/snap/code/155/usr/share/code/resources/app/node_modules.asar/@vscode/proxy-agent/out/agent.js:4:12)
	at _PacProxyAgent.connect (/snap/code/155/usr/share/code/resources/app/node_modules.asar/@vscode/proxy-agent/out/agent.js:52:16)
	at /snap/code/155/usr/share/code/resources/app/node_modules.asar/agent-base/dist/index.js:73:30
2024-03-18 21:10:19.923 [info] Extension host with pid 8098 exiting with code 0
