2024-03-19 05:32:40.927 [info] Added views:workbench.panel.markers.view in workbench.panel.markers
2024-03-19 05:32:40.927 [info] Added views:workbench.panel.output in workbench.panel.output
2024-03-19 05:32:40.927 [info] Added views:terminal in terminal
2024-03-19 05:32:40.927 [info] Added views:outline in workbench.view.explorer
2024-03-19 05:32:40.927 [info] Added views:workbench.scm in workbench.view.scm
2024-03-19 05:32:40.927 [info] Added views:workbench.view.search in workbench.view.search
2024-03-19 05:32:40.927 [info] Added views:timeline in workbench.view.explorer
2024-03-19 05:32:40.927 [info] Added views:workbench.explorer.emptyView in workbench.view.explorer
2024-03-19 05:32:41.159 [info] Added views:workbench.debug.welcome in workbench.view.debug
2024-03-19 05:32:41.241 [info] Added views:~remote.forwardedPorts in ~remote.forwardedPortsContainer
2024-03-19 05:32:41.296 [info] Added views:makefile.outline in workbench.view.extension.makefile__viewContainer
2024-03-19 05:32:41.340 [info] Added views:workbench.panel.repl.view in workbench.panel.repl
2024-03-19 05:32:52.031 [info] Added views:workbench.panel.markers.view in workbench.panel.markers
2024-03-19 05:32:52.031 [info] Added views:workbench.panel.output in workbench.panel.output
2024-03-19 05:32:52.031 [info] Added views:terminal in terminal
2024-03-19 05:32:52.031 [info] Added views:outline in workbench.view.explorer
2024-03-19 05:32:52.031 [info] Added views:workbench.scm in workbench.view.scm
2024-03-19 05:32:52.031 [info] Added views:workbench.view.search in workbench.view.search
2024-03-19 05:32:52.031 [info] Added views:timeline in workbench.view.explorer
2024-03-19 05:32:52.031 [info] Added views:workbench.explorer.fileView in workbench.view.explorer
2024-03-19 05:32:52.258 [info] Added views:workbench.debug.variablesView,workbench.debug.watchExpressionsView,workbench.debug.callStackView,workbench.debug.breakPointsView in workbench.view.debug
2024-03-19 05:32:52.328 [info] Added views:~remote.forwardedPorts in ~remote.forwardedPortsContainer
2024-03-19 05:32:52.478 [info] Added views:workbench.panel.repl.view in workbench.panel.repl
2024-03-19 05:32:52.479 [info] Removed views:workbench.debug.breakPointsView,workbench.debug.callStackView,workbench.debug.watchExpressionsView,workbench.debug.variablesView from workbench.view.debug
2024-03-19 05:32:52.480 [info] Added views:workbench.debug.welcome in workbench.view.debug
2024-03-19 05:32:54.857 [info] Added views:makefile.outline in workbench.view.extension.makefile__viewContainer
