2024-03-24 06:20:58.006 [info] Log level: Info
2024-03-24 06:20:58.006 [info] Validating found git in: "git"
2024-03-24 06:20:58.006 [info] Using git "2.25.1" from "git"
2024-03-24 06:20:58.006 [info] > git rev-parse --show-toplevel [28ms]
2024-03-24 06:20:58.006 [info] > git rev-parse --git-dir --git-common-dir [4ms]
2024-03-24 06:20:58.016 [info] Open repository: /usr/src/linux-5.15.90
2024-03-24 06:20:58.036 [info] > git config --get commit.template [5ms]
2024-03-24 06:20:58.037 [info] > git rev-parse --show-toplevel [2ms]
2024-03-24 06:20:58.051 [info] > git for-each-ref --format=%(refname)%00%(upstream:short)%00%(objectname)%00%(upstream:track)%00%(upstream:remotename)%00%(upstream:remoteref) refs/heads/main refs/remotes/main [8ms]
2024-03-24 06:20:58.054 [info] > git rev-parse --show-toplevel [5ms]
2024-03-24 06:20:58.063 [info] > git rev-parse --show-toplevel [5ms]
2024-03-24 06:20:58.072 [info] > git rev-parse --show-toplevel [5ms]
2024-03-24 06:20:58.082 [info] > git rev-parse --show-toplevel [4ms]
2024-03-24 06:20:58.088 [info] > git rev-parse --show-toplevel [2ms]
2024-03-24 06:20:58.098 [info] > git rev-parse --show-toplevel [2ms]
2024-03-24 06:20:58.112 [info] > git rev-parse --show-toplevel [10ms]
2024-03-24 06:20:58.119 [info] > git rev-parse --show-toplevel [1ms]
2024-03-24 06:20:58.126 [info] > git rev-parse --show-toplevel [2ms]
2024-03-24 06:20:58.130 [info] > git rev-parse --show-toplevel [1ms]
2024-03-24 06:20:58.164 [info] > git rev-parse --show-toplevel [24ms]
2024-03-24 06:20:58.209 [info] > git rev-parse --show-toplevel [39ms]
2024-03-24 06:20:58.219 [info] > git rev-parse --show-toplevel [2ms]
2024-03-24 06:20:58.237 [info] > git rev-parse --show-toplevel [1ms]
2024-03-24 06:20:58.366 [info] > git rev-parse --show-toplevel [120ms]
2024-03-24 06:20:58.377 [info] > git rev-parse --show-toplevel [7ms]
2024-03-24 06:20:58.388 [info] > git rev-parse --show-toplevel [7ms]
2024-03-24 06:20:58.392 [info] > git rev-parse --show-toplevel [1ms]
2024-03-24 06:20:58.398 [info] > git rev-parse --show-toplevel [1ms]
2024-03-24 06:20:58.403 [info] > git rev-parse --show-toplevel [2ms]
2024-03-24 06:20:58.407 [info] > git rev-parse --show-toplevel [1ms]
2024-03-24 06:20:58.412 [info] > git rev-parse --show-toplevel [2ms]
2024-03-24 06:20:58.417 [info] > git rev-parse --show-toplevel [1ms]
2024-03-24 06:20:58.421 [info] > git rev-parse --show-toplevel [1ms]
2024-03-24 06:20:58.426 [info] > git rev-parse --show-toplevel [1ms]
2024-03-24 06:20:58.431 [info] > git rev-parse --show-toplevel [2ms]
2024-03-24 06:20:58.436 [info] > git rev-parse --show-toplevel [2ms]
2024-03-24 06:20:58.441 [info] > git rev-parse --show-toplevel [2ms]
2024-03-24 06:20:58.446 [info] > git rev-parse --show-toplevel [1ms]
2024-03-24 06:20:58.451 [info] > git rev-parse --show-toplevel [1ms]
2024-03-24 06:20:58.457 [info] > git rev-parse --show-toplevel [2ms]
2024-03-24 06:20:58.461 [info] > git rev-parse --show-toplevel [1ms]
2024-03-24 06:20:58.465 [info] > git rev-parse --show-toplevel [1ms]
2024-03-24 06:20:58.469 [info] > git rev-parse --show-toplevel [1ms]
2024-03-24 06:20:58.474 [info] > git rev-parse --show-toplevel [1ms]
2024-03-24 06:20:58.481 [info] > git rev-parse --show-toplevel [2ms]
2024-03-24 06:20:58.486 [info] > git rev-parse --show-toplevel [1ms]
2024-03-24 06:20:58.490 [info] > git rev-parse --show-toplevel [1ms]
2024-03-24 06:20:58.494 [info] > git rev-parse --show-toplevel [1ms]
2024-03-24 06:20:58.498 [info] > git rev-parse --show-toplevel [1ms]
2024-03-24 06:20:58.504 [info] > git rev-parse --show-toplevel [3ms]
2024-03-24 06:20:58.509 [info] > git rev-parse --show-toplevel [2ms]
2024-03-24 06:20:58.519 [info] > git status -z -uall [457ms]
2024-03-24 06:20:58.533 [info] > git show --textconv :kernel/sse_formula.c [18ms]
2024-03-24 06:20:58.536 [info] > git config --get commit.template [4ms]
2024-03-24 06:20:58.537 [info] > git ls-files --stage -- /usr/src/linux-5.15.90/kernel/sse_formula.c [19ms]
2024-03-24 06:20:58.619 [info] > git cat-file -s ca7cedfd49307fc9ff3dd54a62011bf17ee942b0 [78ms]
2024-03-24 06:20:58.662 [info] > git for-each-ref --format=%(refname)%00%(upstream:short)%00%(objectname)%00%(upstream:track)%00%(upstream:remotename)%00%(upstream:remoteref) refs/heads/main refs/remotes/main [43ms]
2024-03-24 06:20:58.762 [info] > git check-ignore -v -z --stdin [147ms]
2024-03-24 06:20:59.020 [info] > git status -z -uall [348ms]
2024-03-24 06:20:59.717 [info] > git check-ignore -v -z --stdin [14ms]
2024-03-24 06:21:08.785 [info] > git config --get commit.template [4ms]
2024-03-24 06:21:08.785 [info] > git for-each-ref --format=%(refname)%00%(upstream:short)%00%(objectname)%00%(upstream:track)%00%(upstream:remotename)%00%(upstream:remoteref) refs/heads/main refs/remotes/main [1ms]
2024-03-24 06:21:08.989 [info] > git status -z -uall [201ms]
2024-03-24 06:21:18.601 [info] > git config --get commit.template [3ms]
2024-03-24 06:21:18.601 [info] > git for-each-ref --format=%(refname)%00%(upstream:short)%00%(objectname)%00%(upstream:track)%00%(upstream:remotename)%00%(upstream:remoteref) refs/heads/main refs/remotes/main [1ms]
2024-03-24 06:21:18.818 [info] > git status -z -uall [214ms]
2024-03-24 06:21:23.831 [info] > git config --get commit.template [3ms]
2024-03-24 06:21:23.832 [info] > git for-each-ref --format=%(refname)%00%(upstream:short)%00%(objectname)%00%(upstream:track)%00%(upstream:remotename)%00%(upstream:remoteref) refs/heads/main refs/remotes/main [2ms]
2024-03-24 06:21:24.049 [info] > git status -z -uall [214ms]
2024-03-24 06:21:29.062 [info] > git config --get commit.template [3ms]
2024-03-24 06:21:29.062 [info] > git for-each-ref --format=%(refname)%00%(upstream:short)%00%(objectname)%00%(upstream:track)%00%(upstream:remotename)%00%(upstream:remoteref) refs/heads/main refs/remotes/main [1ms]
2024-03-24 06:21:29.284 [info] > git status -z -uall [219ms]
2024-03-24 06:21:34.299 [info] > git config --get commit.template [3ms]
2024-03-24 06:21:34.299 [info] > git for-each-ref --format=%(refname)%00%(upstream:short)%00%(objectname)%00%(upstream:track)%00%(upstream:remotename)%00%(upstream:remoteref) refs/heads/main refs/remotes/main [1ms]
2024-03-24 06:21:34.512 [info] > git status -z -uall [210ms]
2024-03-24 06:21:39.525 [info] > git config --get commit.template [4ms]
2024-03-24 06:21:39.525 [info] > git for-each-ref --format=%(refname)%00%(upstream:short)%00%(objectname)%00%(upstream:track)%00%(upstream:remotename)%00%(upstream:remoteref) refs/heads/main refs/remotes/main [1ms]
2024-03-24 06:21:39.725 [info] > git status -z -uall [197ms]
2024-03-24 06:21:44.736 [info] > git config --get commit.template [3ms]
2024-03-24 06:21:44.737 [info] > git for-each-ref --format=%(refname)%00%(upstream:short)%00%(objectname)%00%(upstream:track)%00%(upstream:remotename)%00%(upstream:remoteref) refs/heads/main refs/remotes/main [1ms]
2024-03-24 06:21:44.940 [info] > git status -z -uall [200ms]
