2024-03-24 06:33:15.721 [info] Log level: Info
2024-03-24 06:33:15.721 [info] Validating found git in: "git"
2024-03-24 06:33:15.721 [info] Using git "2.25.1" from "git"
2024-03-24 06:33:15.721 [info] > git rev-parse --show-toplevel [13ms]
2024-03-24 06:33:15.721 [info] > git rev-parse --git-dir --git-common-dir [4ms]
2024-03-24 06:33:15.721 [info] Open repository: /usr/src/linux-5.15.90
2024-03-24 06:33:15.756 [info] > git rev-parse --show-toplevel [13ms]
2024-03-24 06:33:15.759 [info] > git config --get commit.template [22ms]
2024-03-24 06:33:15.779 [info] > git rev-parse --show-toplevel [9ms]
2024-03-24 06:33:15.786 [info] > git rev-parse --show-toplevel [3ms]
2024-03-24 06:33:15.791 [info] > git for-each-ref --format=%(refname)%00%(upstream:short)%00%(objectname)%00%(upstream:track)%00%(upstream:remotename)%00%(upstream:remoteref) refs/heads/main refs/remotes/main [15ms]
2024-03-24 06:33:15.792 [info] > git rev-parse --show-toplevel [2ms]
2024-03-24 06:33:15.804 [info] > git rev-parse --show-toplevel [9ms]
2024-03-24 06:33:15.818 [info] > git rev-parse --show-toplevel [5ms]
2024-03-24 06:33:15.835 [info] > git rev-parse --show-toplevel [3ms]
2024-03-24 06:33:15.844 [info] > git rev-parse --show-toplevel [5ms]
2024-03-24 06:33:15.850 [info] > git rev-parse --show-toplevel [1ms]
2024-03-24 06:33:15.857 [info] > git rev-parse --show-toplevel [2ms]
2024-03-24 06:33:15.865 [info] > git rev-parse --show-toplevel [1ms]
2024-03-24 06:33:15.876 [info] > git rev-parse --show-toplevel [1ms]
2024-03-24 06:33:15.895 [info] > git rev-parse --show-toplevel [2ms]
2024-03-24 06:33:15.927 [info] > git rev-parse --show-toplevel [2ms]
2024-03-24 06:33:15.939 [info] > git rev-parse --show-toplevel [3ms]
2024-03-24 06:33:15.948 [info] > git rev-parse --show-toplevel [6ms]
2024-03-24 06:33:15.955 [info] > git rev-parse --show-toplevel [3ms]
2024-03-24 06:33:15.983 [info] > git rev-parse --show-toplevel [24ms]
2024-03-24 06:33:16.001 [info] > git rev-parse --show-toplevel [6ms]
2024-03-24 06:33:16.016 [info] > git rev-parse --show-toplevel [11ms]
2024-03-24 06:33:16.024 [info] > git rev-parse --show-toplevel [1ms]
2024-03-24 06:33:16.032 [info] > git rev-parse --show-toplevel [5ms]
2024-03-24 06:33:16.043 [info] > git rev-parse --show-toplevel [3ms]
2024-03-24 06:33:16.051 [info] > git rev-parse --show-toplevel [2ms]
2024-03-24 06:33:16.059 [info] > git rev-parse --show-toplevel [1ms]
2024-03-24 06:33:16.136 [info] > git rev-parse --show-toplevel [72ms]
2024-03-24 06:33:16.143 [info] > git rev-parse --show-toplevel [1ms]
2024-03-24 06:33:16.148 [info] > git rev-parse --show-toplevel [1ms]
2024-03-24 06:33:16.152 [info] > git rev-parse --show-toplevel [2ms]
2024-03-24 06:33:16.156 [info] > git rev-parse --show-toplevel [1ms]
2024-03-24 06:33:16.161 [info] > git rev-parse --show-toplevel [2ms]
2024-03-24 06:33:16.165 [info] > git rev-parse --show-toplevel [1ms]
2024-03-24 06:33:16.169 [info] > git rev-parse --show-toplevel [1ms]
2024-03-24 06:33:16.172 [info] > git rev-parse --show-toplevel [1ms]
2024-03-24 06:33:16.176 [info] > git rev-parse --show-toplevel [1ms]
2024-03-24 06:33:16.180 [info] > git rev-parse --show-toplevel [1ms]
2024-03-24 06:33:16.183 [info] > git rev-parse --show-toplevel [1ms]
2024-03-24 06:33:16.187 [info] > git rev-parse --show-toplevel [1ms]
2024-03-24 06:33:16.191 [info] > git rev-parse --show-toplevel [1ms]
2024-03-24 06:33:16.197 [info] > git rev-parse --show-toplevel [2ms]
2024-03-24 06:33:16.203 [info] > git rev-parse --show-toplevel [1ms]
2024-03-24 06:33:16.208 [info] > git rev-parse --show-toplevel [2ms]
2024-03-24 06:33:16.214 [info] > git rev-parse --show-toplevel [2ms]
2024-03-24 06:33:16.225 [info] > git status -z -uall [426ms]
2024-03-24 06:33:16.245 [info] > git config --get commit.template [2ms]
2024-03-24 06:33:16.249 [info] > git show --textconv :kernel/sse_formula.c [29ms]
2024-03-24 06:33:16.253 [info] > git ls-files --stage -- /usr/src/linux-5.15.90/kernel/sse_formula.c [30ms]
2024-03-24 06:33:16.256 [info] > git for-each-ref --format=%(refname)%00%(upstream:short)%00%(objectname)%00%(upstream:track)%00%(upstream:remotename)%00%(upstream:remoteref) refs/heads/main refs/remotes/main [8ms]
2024-03-24 06:33:16.257 [info] > git cat-file -s ca7cedfd49307fc9ff3dd54a62011bf17ee942b0 [1ms]
2024-03-24 06:33:16.440 [info] > git check-ignore -v -z --stdin [135ms]
2024-03-24 06:33:16.650 [info] > git status -z -uall [341ms]
2024-03-24 06:34:06.414 [info] > git config --get commit.template [3ms]
2024-03-24 06:34:06.414 [info] > git for-each-ref --format=%(refname)%00%(upstream:short)%00%(objectname)%00%(upstream:track)%00%(upstream:remotename)%00%(upstream:remoteref) refs/heads/main refs/remotes/main [1ms]
2024-03-24 06:34:06.625 [info] > git status -z -uall [208ms]
2024-03-24 06:34:11.637 [info] > git config --get commit.template [3ms]
2024-03-24 06:34:11.638 [info] > git for-each-ref --format=%(refname)%00%(upstream:short)%00%(objectname)%00%(upstream:track)%00%(upstream:remotename)%00%(upstream:remoteref) refs/heads/main refs/remotes/main [1ms]
2024-03-24 06:34:11.830 [info] > git status -z -uall [189ms]
2024-03-24 06:34:31.944 [info] > git config --get commit.template [5ms]
2024-03-24 06:34:31.945 [info] > git for-each-ref --format=%(refname)%00%(upstream:short)%00%(objectname)%00%(upstream:track)%00%(upstream:remotename)%00%(upstream:remoteref) refs/heads/main refs/remotes/main [2ms]
2024-03-24 06:34:32.401 [info] > git status -z -uall [450ms]
2024-03-24 06:34:37.086 [info] > git check-ignore -v -z --stdin [19ms]
2024-03-24 06:34:37.423 [info] > git config --get commit.template [7ms]
2024-03-24 06:34:37.424 [info] > git for-each-ref --format=%(refname)%00%(upstream:short)%00%(objectname)%00%(upstream:track)%00%(upstream:remotename)%00%(upstream:remoteref) refs/heads/main refs/remotes/main [2ms]
2024-03-24 06:34:37.763 [info] > git status -z -uall [335ms]
